5.000740721254539676e+04
4.973427145211168681e+04
4.966262956359571399e+04
4.981542307073887787e+04
4.998798040351289092e+04
4.967795830212425790e+04
6.201576038168618106e+04
4.966692082990010385e+04
4.966556605231104186e+04
4.973611648253536259e+04
4.967232754464191385e+04
4.967866880648708320e+04
6.335230399513254088e+04
4.966659617666710983e+04
4.966350206571992021e+04
4.966464837568646180e+04
4.980946568123466568e+04
5.199595098331979534e+04
4.982098821942501672e+04
4.981770441345938889e+04
4.972412347787042381e+04
8.474539600109946332e+04
4.986705907097976888e+04
6.181062434190019849e+04
4.970000540779363655e+04
4.966409985442139441e+04
5.457429116999942198e+04
4.972395260800987307e+04
4.966911683848719986e+04
4.967278583642601734e+04
4.975204307685721142e+04
4.986139360292468336e+04
7.596141752885840833e+04
6.221334075335286616e+04
5.004137365036486881e+04
4.994840466452892724e+04
6.476013487158391217e+04
7.250090540789303486e+04
6.206207401509658666e+04
6.165468594211104210e+04
4.978165159810290061e+04
4.985032895025372272e+04
4.993374252549909579e+04
5.002836034080507670e+04
5.000825146384684194e+04
6.206252047599888465e+04
4.981312818053970841e+04
4.966838182609171781e+04
5.516629368910503399e+04
5.009962650466538616e+04
